<?xml version="1.0" encoding="UTF-8"?>
<!-- Generated by org.testng.reporters.JUnitReportReporter -->
<testsuite hostname="DESKTOP-RHLDRT6" failures="0" tests="6" name="test.com.LocationByZipTest" time="69.698" errors="0" timestamp="1 Feb 2024 16:06:02 GMT">
  <testcase classname="test.com.LocationByZipTest" name="testInvalidCityStateTestCase" time="10.813"/>
  <testcase classname="test.com.LocationByZipTest" name="testInvalidCityTestCase" time="9.553"/>
  <testcase classname="test.com.LocationByZipTest" name="testSoreLocatorTestCase" time="14.082"/>
  <testcase classname="test.com.LocationByZipTest" name="testFAQs" time="8.340"/>
  <testcase classname="test.com.LocationByZipTest" name="testLocationCityStateTestCase" time="17.590"/>
  <testcase classname="test.com.LocationByZipTest" name="testInvalidZipTestCase" time="9.320"/>
</testsuite> <!-- test.com.LocationByZipTest -->
