<?xml version="1.0" encoding="UTF-8"?>
<!-- Generated by org.testng.reporters.JUnitReportReporter -->
<testsuite hostname="DESKTOP-RHLDRT6" failures="0" tests="4" name="test.com.ErikCodeTest" time="42.734" errors="0" timestamp="1 Feb 2024 17:13:13 GMT">
  <testcase classname="test.com.ErikCodeTest" name="testGooglePlayStore" time="9.923"/>
  <testcase classname="test.com.ErikCodeTest" name="testAppleStore" time="7.711"/>
  <testcase classname="test.com.ErikCodeTest" name="testGiftCard" time="16.675"/>
  <testcase classname="test.com.ErikCodeTest" name="testFAQs" time="8.425"/>
</testsuite> <!-- test.com.ErikCodeTest -->
