<?xml version="1.0" encoding="UTF-8"?>
<!-- Generated by org.testng.reporters.JUnitReportReporter -->
<testsuite hostname="DESKTOP-RHLDRT6" failures="0" tests="5" name="test.com.LocationByZipTest" time="54.578" errors="0" timestamp="1 Feb 2024 17:13:13 GMT">
  <testcase classname="test.com.LocationByZipTest" name="testInvalidCityTestCase" time="10.045"/>
  <testcase classname="test.com.LocationByZipTest" name="testInvalidZipTestCase" time="9.967"/>
  <testcase classname="test.com.LocationByZipTest" name="testInvalidCityStateTestCase" time="9.927"/>
  <testcase classname="test.com.LocationByZipTest" name="testLocationCityStateTestCase" time="11.989"/>
  <testcase classname="test.com.LocationByZipTest" name="testSoreLocatorTestCase" time="12.650"/>
</testsuite> <!-- test.com.LocationByZipTest -->
