<?xml version="1.0" encoding="UTF-8"?>
<!-- Generated by org.testng.reporters.JUnitReportReporter -->
<testsuite hostname="DESKTOP-RHLDRT6" failures="0" tests="2" name="test.com.BoianaCodeTest" time="28.287" errors="0" timestamp="1 Feb 2024 17:13:13 GMT">
  <testcase classname="test.com.BoianaCodeTest" name="testAddBag3" time="13.897"/>
  <testcase classname="test.com.BoianaCodeTest" name="testAddBag" time="14.390"/>
</testsuite> <!-- test.com.BoianaCodeTest -->
