<?xml version="1.0" encoding="UTF-8"?>
<!-- Generated by org.testng.reporters.JUnitReportReporter -->
<testsuite hostname="DESKTOP-RHLDRT6" failures="0" tests="3" name="test.com.NataliaTest" time="55.910" errors="0" timestamp="1 Feb 2024 17:13:13 GMT">
  <testcase classname="test.com.NataliaTest" name="testUntitledTestCase" time="12.498"/>
  <testcase classname="test.com.NataliaTest" name="testSuggested" time="13.701"/>
  <testcase classname="test.com.NataliaTest" name="testTCSearchVaildItems" time="29.711"/>
</testsuite> <!-- test.com.NataliaTest -->
